<?xml version="1.0" encoding="UTF-8"?>
<coverage generated="1544096870112" clover="3.2.0">
  <project timestamp="1544096870112" name="All files">
    <metrics statements="54" coveredstatements="1" conditionals="34" coveredconditionals="0" methods="18" coveredmethods="1" elements="106" coveredelements="2" complexity="0" loc="54" ncloc="54" packages="2" files="4" classes="4">
      <package name="src">
        <metrics statements="53" coveredstatements="0" conditionals="34" coveredconditionals="0" methods="17" coveredmethods="0"/>
        <file name="App.js" path="E:\github-my\learn-react\src\App.js">
          <metrics statements="9" coveredstatements="0" conditionals="2" coveredconditionals="0" methods="2" coveredmethods="0"/>
          <line num="1" count="0" type="stmt"/>
          <line num="2" count="0" type="stmt"/>
          <line num="3" count="0" type="stmt"/>
          <line num="5" count="0" type="stmt"/>
          <line num="24" count="0" type="stmt"/>
          <line num="27" count="0" type="stmt"/>
          <line num="28" count="0" type="stmt"/>
          <line num="55" count="0" type="stmt"/>
          <line num="59" count="0" type="stmt"/>
        </file>
        <file name="index.js" path="E:\github-my\learn-react\src\index.js">
          <metrics statements="6" coveredstatements="0" conditionals="0" coveredconditionals="0" methods="0" coveredmethods="0"/>
          <line num="1" count="0" type="stmt"/>
          <line num="2" count="0" type="stmt"/>
          <line num="3" count="0" type="stmt"/>
          <line num="4" count="0" type="stmt"/>
          <line num="5" count="0" type="stmt"/>
          <line num="12" count="0" type="stmt"/>
        </file>
        <file name="serviceWorker.js" path="E:\github-my\learn-react\src\serviceWorker.js">
          <metrics statements="38" coveredstatements="0" conditionals="32" coveredconditionals="0" methods="15" coveredmethods="0"/>
          <line num="13" count="0" type="stmt"/>
          <line num="24" count="0" type="cond" truecount="0" falsecount="4"/>
          <line num="26" count="0" type="stmt"/>
          <line num="27" count="0" type="cond" truecount="0" falsecount="2"/>
          <line num="31" count="0" type="stmt"/>
          <line num="34" count="0" type="stmt"/>
          <line num="35" count="0" type="stmt"/>
          <line num="37" count="0" type="cond" truecount="0" falsecount="2"/>
          <line num="39" count="0" type="stmt"/>
          <line num="43" count="0" type="stmt"/>
          <line num="44" count="0" type="stmt"/>
          <line num="51" count="0" type="stmt"/>
          <line num="58" count="0" type="stmt"/>
          <line num="61" count="0" type="stmt"/>
          <line num="62" count="0" type="stmt"/>
          <line num="63" count="0" type="cond" truecount="0" falsecount="2"/>
          <line num="64" count="0" type="stmt"/>
          <line num="66" count="0" type="stmt"/>
          <line num="67" count="0" type="cond" truecount="0" falsecount="2"/>
          <line num="68" count="0" type="cond" truecount="0" falsecount="2"/>
          <line num="72" count="0" type="stmt"/>
          <line num="78" count="0" type="cond" truecount="0" falsecount="4"/>
          <line num="79" count="0" type="stmt"/>
          <line num="85" count="0" type="stmt"/>
          <line num="88" count="0" type="cond" truecount="0" falsecount="4"/>
          <line num="89" count="0" type="stmt"/>
          <line num="97" count="0" type="stmt"/>
          <line num="103" count="0" type="stmt"/>
          <line num="106" count="0" type="stmt"/>
          <line num="107" count="0" type="cond" truecount="0" falsecount="2"/>
          <line num="112" count="0" type="stmt"/>
          <line num="113" count="0" type="stmt"/>
          <line num="114" count="0" type="stmt"/>
          <line num="119" count="0" type="stmt"/>
          <line num="123" count="0" type="stmt"/>
          <line num="130" count="0" type="cond" truecount="0" falsecount="2"/>
          <line num="131" count="0" type="stmt"/>
          <line num="132" count="0" type="stmt"/>
        </file>
      </package>
      <package name="src.common.utils">
        <metrics statements="1" coveredstatements="1" conditionals="0" coveredconditionals="0" methods="1" coveredmethods="1"/>
        <file name="math.js" path="E:\github-my\learn-react\src\common\utils\math.js">
          <metrics statements="1" coveredstatements="1" conditionals="0" coveredconditionals="0" methods="1" coveredmethods="1"/>
          <line num="2" count="1" type="stmt"/>
        </file>
      </package>
    </metrics>
  </project>
</coverage>
